<?xml version="1.0" encoding="UTF-8"?>
<testng-results ignored="0" total="1" passed="1" failed="0" skipped="0">
  <reporter-output>
  </reporter-output>
  <suite started-at="2024-12-20T08:10:27 ICT" name="Default suite" finished-at="2024-12-20T08:10:51 ICT" duration-ms="24030">
    <groups>
    </groups>
    <test started-at="2024-12-20T08:10:27 ICT" name="Default test" finished-at="2024-12-20T08:10:51 ICT" duration-ms="24030">
      <class name="Test.Read_KP">
        <test-method signature="ReadKP()[pri:0, instance:Test.Read_KP@932bc4a]" started-at="2024-12-20T08:10:27 ICT" name="ReadKP" finished-at="2024-12-20T08:10:51 ICT" duration-ms="23977" status="PASS">
          <reporter-output>
          </reporter-output>
        </test-method> <!-- ReadKP -->
      </class> <!-- Test.Read_KP -->
    </test> <!-- Default test -->
  </suite> <!-- Default suite -->
</testng-results>
